0:100  0:100  MemLog inited, TSC freq: 2306389640
0:100  0:000  CPU was calibrated with RTC
0:100  0:000  
0:100  0:000  Now is 18.9.2018,  10:3:36 (GMT)
0:100  0:000  Starting Clover revision: 4444.RM-4652.23891(c1f8602f.abe73e2ebe)  on INSYDE Corp. EFI
0:100  0:000  Build with: [Args: -mc --no-usb -D NO_GRUB_DRIVERS_EMBEDDED -t XCODE8 | -D DISABLE_USB_SUPPORT -D NO_GRUB_DRIVERS_EMBEDDED -D USE_BIOS_BLOCKIO -D USE_LOW_EBDA -a X64 -b RELEASE -t XCODE8 -n 9 | OS: 10.13.4 | XCODE: 9.3]
0:100  0:000  SelfDevicePath=PciRoot(0x0)\Pci(0x17,0x0)\Sata(0x2,0x0,0x0)\HD(1,GPT,D9FD94D4-91A1-4753-BD6B-2FA1C6BF3C15,0x28,0x64000) @9831ED18
0:100  0:000  SelfDirPath = \EFI\BOOT
0:101  0:001  === [ Get Smbios ] ========================================
0:101  0:000  Type 16 Index = 0
0:101  0:000  Total Memory Slots Count = 2
0:101  0:000  Type 17 Index = 0
0:101  0:000  SmbiosTable.Type17->Speed = 2133MHz
0:101  0:000  SmbiosTable.Type17->Size = 4096MB
0:101  0:000  SmbiosTable.Type17->Bank/Device = BANK 0 ChannelA-DIMM0
0:101  0:000  SmbiosTable.Type17->Vendor = Samsung
0:101  0:000  SmbiosTable.Type17->SerialNumber = 02251423
0:101  0:000  SmbiosTable.Type17->PartNumber = M471A5143DB0-CPB    
0:101  0:000  Type 17 Index = 1
0:101  0:000  Ignoring insane frequency value 0MHz
0:101  0:000  SmbiosTable.Type17->Speed = 0MHz
0:101  0:000  SmbiosTable.Type17->Size = 0MB
0:101  0:000  SmbiosTable.Type17->Bank/Device = BANK 1 ChannelA-DIMM1
0:101  0:000  SmbiosTable.Type17->Vendor = <null string>
0:101  0:000  SmbiosTable.Type17->SerialNumber = <null string>
0:101  0:000  SmbiosTable.Type17->PartNumber = <null string>
0:101  0:000  Boot status=0
0:101  0:000  Running on: 'NC-E5-575G-39M5' with board 'Ironman_SK '
0:101  0:000  === [ GetCPUProperties ] ==================================
0:101  0:000  CPU Vendor = 756E6547 Model=406E3
0:101  0:000   The CPU supported SSE4.1
0:101  0:000  BrandString = Intel(R) Core(TM) i3-6100U CPU @ 2.30GHz
0:101  0:000   The CPU supported turbo
0:101  0:000  MSR 0x35               20004
0:101  0:000   TSC/CCC Information Leaf:
0:101  0:000    numerator     : 192
0:101  0:000    denominator   : 2
0:101  0:000   Calibrated ARTFrequency: 24024892
0:101  0:000  MSR 0xE2 before patch 7E008008
0:101  0:000  MSR 0xE2 is locked, PM patches will be turned on
0:101  0:000  MSR 0xCE              0004043B_F1011700
0:101  0:000  corrected FLEX_RATIO = 0
0:101  0:000  MSR 0x1B0             00000000
0:101  0:000  FSBFrequency = 96 MHz, DMI FSBFrequency = 100 MHz, Corrected FSBFrequency = 100 MHz
0:101  0:000  MaxDiv/MinDiv: 23.0/4
0:101  0:000  Turbo: 23/23/23/23
0:101  0:000  Features: 0xBFEBFBFF
0:101  0:000  Threads: 4
0:101  0:000  Cores: 2
0:101  0:000  FSB: 100 MHz
0:101  0:000  CPU: 2200 MHz
0:101  0:000  TSC: 2200 MHz
0:101  0:000  PIS: 100 MHz
0:101  0:000  ExternalClock: 25 MHz
0:101  0:000  === [ GetDevices ] ========================================
0:101  0:000  PCI (00|00:00.00) : 8086 1904 class=060000
0:101  0:000  PCI (00|00:02.00) : 8086 1916 class=030000
0:101  0:000   - GFX: Model=Intel HD Graphics 520 (Intel)
0:101  0:000  PCI (00|00:14.00) : 8086 9D2F class=0C0330
0:101  0:000  PCI (00|00:14.02) : 8086 9D31 class=118000
0:101  0:000  PCI (00|00:15.00) : 8086 9D60 class=118000
0:101  0:000  PCI (00|00:16.00) : 8086 9D3A class=078000
0:101  0:000  PCI (00|00:17.00) : 8086 9D03 class=010601
0:101  0:000  PCI (00|00:1C.00) : 8086 9D10 class=060400
0:101  0:000  PCI (00|01:00.00) : 10DE 179C class=030200
0:101  0:000  PCI (00|01:00.01) : FFFF FFFF class=FFFFFF
0:101  0:000  PCI (00|00:1D.00) : 8086 9D18 class=060400
0:101  0:000  PCI (00|00:1D.02) : 8086 9D1A class=060400
0:102  0:000  PCI (00|03:00.00) : 168C 0042 class=028000
0:102  0:000   - WIFI: Vendor=Atheros
0:102  0:000  PCI (00|00:1D.03) : 8086 9D1B class=060400
0:102  0:000  PCI (00|04:00.00) : 10EC 5287 class=FF0000
0:102  0:000  PCI (00|04:00.01) : 10EC 8168 class=020000
0:102  0:000   - LAN: 0 Vendor=Realtek
0:102  0:000  PCI (00|00:1F.00) : 8086 9D48 class=060100
0:102  0:000  PCI (00|00:1F.02) : 8086 9D21 class=058000
0:102  0:000  PCI (00|00:1F.03) : 8086 9D70 class=040300
0:102  0:000  PCI (00|00:1F.04) : 8086 9D23 class=0C0500
0:102  0:000  === [ GetDefaultSettings ] ================================
0:102  0:000  Clover load options size = 0 bytes
0:104  0:002  EFI\CLOVER\config.plist loaded: Success
0:109  0:004  === [ GetListOfThemes ] ===================================
0:110  0:000  - [00]: BGM
0:112  0:002  - [01]: embedded
0:112  0:000  - [01]: metal
0:114  0:001  - [02]: random
0:114  0:000  - [02]: El Capitan
0:117  0:002  - [03]: Mavs Style
0:118  0:001  - [04]: Retina256
0:120  0:001  - [05]: YosemiteLogin
0:121  0:001  === [ Found config plists ] ===============================
0:121  0:000  - config.plist
0:121  0:000  - config-working.plist
0:121  0:000  - config-working2.plist
0:121  0:000  === [ GetEarlyUserSettings ] ==============================
0:121  0:000  timeout set to 5
0:121  0:000  Custom boot CUSTOM_BOOT_DISABLED (0x0)
0:121  0:000  ForceKextsToLoad: 2 requested
0:121  0:000   - [0]: System\Library\Extensions\IONetworkingFamily.kext
0:121  0:000   - [1]: System\Library\Extensions\AppleIntelSKLGraphicsFramebuffer.kext
0:121  0:000  KextsToPatch: 9 requested
0:121  0:000   - [00]: com.apple.driver.AppleIntelSKLGraphicsFramebuffer (0x19160000/etc, 32MB BIOS, 19MB framebuffer 9MB cursor bytes (credit RehabMan)) :: BinPatch :: data len: 8
0:121  0:000   - [01]: com.apple.driver.AppleIntelSKLGraphicsFramebuffer (eDP, port 0000, 0x191e0000, 0x19160000, 0x19260000, 0x19270000, 0x191b0000, 0x19160002, 0x19260002, 0x191e0003, 0x19260004, 0x19270004, 0x193b0005 credit syscl) :: BinPatch :: data len: 20
0:121  0:000   - patch disabled at config
0:121  0:000   - [02]: com.apple.driver.AppleIntelSKLGraphicsFramebuffer (Enable lid wake for 0x19260002 credit syscl/lighting/Yating Zhou) :: BinPatch :: data len: 16
0:121  0:000   - patch disabled at config
0:121  0:000   - [03]: com.apple.driver.AppleIntelSKLGraphicsFramebuffer (Enable lid wake for 0x19260004 credit syscl/lighting/Yating Zhou) :: BinPatch :: data len: 16
0:121  0:000   - patch disabled at config
0:121  0:000   - [04]: com.apple.driver.AppleIntelLpssI2C (Prevent Apple I2C kexts from attaching to I2C controllers, credit CoolStar) :: PlistPatch :: data len: 5
0:121  0:000   - [05]: com.apple.driver.AppleIntelLpssI2CController (Prevent Apple I2C kexts from attaching to I2C controllers, credit CoolStar) :: PlistPatch :: data len: 5
0:121  0:000   - [06]: com.apple.driver.AppleBacklight (change F%uT%04x to F%uTxxxx in AppleBacklightInjector.kext (credit RehabMan)) :: BinPatch :: data len: 9
0:121  0:000   - [07]: com.apple.iokit.IOGraphicsFamily (Boot graphics glitch, 10.12.dp1 (credit denskop)) :: MatchOS: 10.12.x :: BinPatch :: data len: 5
0:121  0:000   - [08]: com.apple.iokit.IOGraphicsFamily (Boot graphics glitch, 10.13 beta (based on denskop patch)) :: MatchOS: 10.13.x :: BinPatch :: data len: 5
0:121  0:000  KernelToPatch: 1 requested
0:121  0:000   - [00]: MSR 0xE2 _xcpm_idle instant reboot(c) Pike R. Alpha :: data len: 8
0:121  0:000  Default theme: El Capitan
0:121  0:000  Hiding entries with string Preboot
0:121  0:000  === [ LoadDrivers ] =======================================
0:121  0:000  Loading AppleImageCodec-64.efi  status=Success
0:123  0:001  Loading AppleKeyAggregator-64.efi  status=Success
0:125  0:001  Loading AppleUITheme-64.efi  status=Success
0:126  0:001  Loading AptioMemoryFix.efi  status=Success
0:129  0:002  Loading DataHubDxe-64.efi  status=Success
0:130  0:001  Loading FirmwareVolume-64.efi  status=Success
0:132  0:001  Loading FSInject-64.efi  status=Success
0:134  0:001  Loading SMCHelper-64.efi  status=Success
0:135  0:001  Loading apfs.efi  status=Success
0:146  0:010   - driver needs connecting
0:146  0:000  Loading HFSPlus.efi  status=Success
0:148  0:001   - driver needs connecting
0:148  0:000  2 drivers needs connecting ...
0:148  0:000  PlatformDriverOverrideProtocol->GetDriver overriden
0:148  0:000  HFS+ driver loaded
0:148  0:000  APFS driver loaded
0:148  0:000  Searching for invalid DiskIo BY_DRIVER connects: not found, all ok
0:445  0:296  === [ InitScreen ] ========================================
0:445  0:000  SetMaxResolution: found best mode 0: 1920x1080
0:445  0:000   - already set
0:445  0:000  Console modes reported: 7, available modes:
0:445  0:000   - [01]: 80x25
0:445  0:000   - [02]: 80x50
0:445  0:000   - [03]: 80x25
0:445  0:000   - [04]: 240x56 (current mode)
0:445  0:000   - [05]: 100x31
0:445  0:000   - [06]: 128x40
0:445  0:000   - [07]: 160x53
0:445  0:000  SetScreenResolution: 1920x1080 - already set
0:445  0:000  reinit: self device path=PciRoot(0x0)\Pci(0x17,0x0)\Sata(0x2,0x0,0x0)\HD(1,GPT,D9FD94D4-91A1-4753-BD6B-2FA1C6BF3C15,0x28,0x64000)
0:446  0:000  Using embedded font: Success
0:446  0:000  === [ GetMacAddress ] =====================================
0:446  0:000   get legacy LAN MAC, 1 card found
0:446  0:000  Legacy MAC address of LAN #0= 54:AB:3A:F7:96:19:
0:446  0:000  === [ ScanSPD ] ===========================================
0:447  0:000  SMBus device : 8086 9D23 class=0C0500 status=Success
0:447  0:000  SMBus CmdReg: 0x3
0:447  0:000  Scanning SMBus [8086:9D23], mmio: 0xC452E004, ioport: 0x5040, hostc: 0x11
0:447  0:000  Slots to scan [8]...
0:447  0:000  SPD[0]: Type 12 @0x50
0:465  0:017  Not using XMP because it is not present
0:465  0:000  DDR speed 2132MHz
0:465  0:000  Slot: 0 Type 26 4096MB 2132MHz Vendor=Samsung PartNo=M471A5143DB0-CPB SerialNo=00020F0F09050E0F
0:466  0:000  SPD[2]: Type 12 @0x52
0:484  0:017  Not using XMP because it is not present
0:484  0:000  DDR speed 2134MHz
0:484  0:000  Slot: 2 Type 26 4096MB 2134MHz Vendor=Crucial Technology PartNo=CT4G4SFS8213.C8FBD2 SerialNo=0A0602050E06000E
0:485  0:000  === [ GetAcpiTablesList ] =================================
0:490  0:004  Get Acpi Tables List from RSDT:
0:490  0:000   - [00]: FACP  ACRPRDCT len=244
0:490  0:000   - [01]: UEFI  ACRPRDCT len=566
0:490  0:000   - [02]: SSDT  ACRPRDCT len=1207
0:490  0:000   - [03]: TPM2  ACRPRDCT len=52
0:490  0:000   - [04]: MSDM  ACRPRDCT len=85
0:490  0:000   - [05]: DBGP  ACRPRDCT len=52
0:490  0:000   - [06]: SSDT  ACRPRDCT len=1195
0:490  0:000   - [07]: ASPT  ACRPRDCT len=52
0:490  0:000   - [08]: DBGP  ACRPRDCT len=52
0:490  0:000   - [09]: LPIT  ACRPRDCT len=148
0:490  0:000   - [10]: MCFG  ACRPRDCT len=60
0:490  0:000   - [11]: SSDT  ACRPRDCT len=410
0:490  0:000   - [12]: SSDT  ACRPRDCT len=12310
0:490  0:000   - [13]: UEFI  ACRPRDCT len=66
0:490  0:000   - [14]: SSDT  ACRPRDCT len=17468
0:490  0:000   - [15]: DBG2  ACRPRDCT len=84
0:490  0:000   - [16]: BOOT  ACRPRDCT len=40
0:490  0:000   - [17]: APIC  ACRPRDCT len=188
0:490  0:000   - [18]: SSDT  ACRPRDCT len=1187
0:490  0:000   - [19]: DMAR  ACRPRDCT len=204
0:490  0:000   - [20]: TCPA  ACRPRDCT len=50
0:490  0:000   - [21]: SSDT  ACRPRDCT len=20083
0:490  0:000   - [22]: HPET  ACRPRDCT len=56
0:490  0:000   - [23]: SSDT  ACRPRDCT len=3699
0:490  0:000   - [24]: SSDT  ACRPRDCT len=75
0:490  0:000   - [25]: SLIC  ACRPRDCT len=374
0:490  0:000   - [26]: ASF!  ACRPRDCT len=165
0:490  0:000   - [27]: FPDT  ACRPRDCT len=68
0:490  0:000   - [28]: BGRT  ACRPRDCT len=56
0:490  0:000  Calibrated TSC Frequency = 2306389640 = 2306MHz
0:490  0:000  === [ GetUserSettings ] ===================================
0:490  0:000  Add 8 properties:
0:490  0:000   - [00]: NVidia, len: 9
0:490  0:000   - [01]: NVidia, len: 9
0:490  0:000   - [02]: NVidia, len: 4
0:490  0:000   - [03]: ATI, len: 9
0:490  0:000   - [04]: ATI, len: 9
0:490  0:000   - [05]: ATI, len: 4
0:490  0:000   - [06]: ATI, len: 4
0:490  0:000   - [07]: ATI, len: 4
0:490  0:000  USB FixOwnership: yes
0:490  0:000  Dropping 3 tables:
0:490  0:000   - [00]: Drop table  signature="#MCF" (46434D23)
0:490  0:000           - set table: 46434D23,                0 to drop: no
0:490  0:000   - [01]: Drop table  signature="DMAR" (52414D44)
0:490  0:000           - set table: 52414D44,                0 to drop: yes
0:490  0:000   - [02]: Drop table  signature="SSDT" (54445353) table-id="xh_rvp10" (30317076725F6878)
0:490  0:000           - set table: 54445353, 30317076725F6878 to drop: no
0:490  0:000   - final DSDT Fix mask=00000000
0:490  0:000  PatchesDSDT: 12 requested
0:490  0:000   - [00]: (change OSID to XSID (to avoid match against _OSI XOSI patch)) lenToFind: 4, lenToReplace: 4, Target Bridge: <null string>
0:490  0:000    patch disabled at config
0:490  0:000   - [01]: (change _OSI to XOSI) lenToFind: 4, lenToReplace: 4, Target Bridge: <null string>
0:490  0:000    patch disabled at config
0:490  0:000   - [02]: (change _DSM to XDSM) lenToFind: 4, lenToReplace: 4, Target Bridge: <null string>
0:490  0:000    patch disabled at config
0:490  0:000   - [03]: (change EC0 to EC) lenToFind: 4, lenToReplace: 4, Target Bridge: <null string>
0:490  0:000    patch disabled at config
0:490  0:000   - [04]: (change H_EC to EC) lenToFind: 4, lenToReplace: 4, Target Bridge: <null string>
0:490  0:000    patch disabled at config
0:490  0:000   - [05]: (change ECDV to EC) lenToFind: 4, lenToReplace: 4, Target Bridge: <null string>
0:490  0:000    patch disabled at config
0:490  0:000   - [06]: (change HDAS to HDEF) lenToFind: 4, lenToReplace: 4, Target Bridge: <null string>
0:490  0:000   - [07]: (change HECI to IMEI) lenToFind: 4, lenToReplace: 4, Target Bridge: <null string>
0:490  0:000   - [08]: (change MEI to IMEI) lenToFind: 4, lenToReplace: 4, Target Bridge: <null string>
0:490  0:000   - [09]: (change GFX0 to IGPU) lenToFind: 4, lenToReplace: 4, Target Bridge: <null string>
0:490  0:000   - [10]: (change PCI0.VID to IGPU #1 (Thinkpad)) lenToFind: 8, lenToReplace: 8, Target Bridge: <null string>
0:490  0:000   - [11]: (change PCI0.VID to IGPU #2 (Thinkpad)) lenToFind: 14, lenToReplace: 14, Target Bridge: <null string>
0:490  0:000  Using ProductName from config: MacBookPro13,1
0:490  0:000  Using latest BiosVersion from config
0:490  0:000  BiosVersion: MBP131.88Z.0223.B00.1806260754
0:490  0:000  BiosReleaseDate: 06/26/2018
0:490  0:000  Using FirmwareFeatures from config: 0xFC0FE137
0:490  0:000  Using FirmwareFeaturesMask from config: 0xFF1FFF3F
0:490  0:000  Board-ID set from config as Mac-473D31EABEB93F9B
0:490  0:000  BoardType: 0xA
0:490  0:000  ChassisType: 0x9
0:492  0:002  === [ ScanVolumes ] =======================================
0:492  0:000  Found 8 volumes with blockIO
0:492  0:000  - [00]: Volume: PciRoot(0x0)\Pci(0x17,0x0)\Sata(0x0,0x0,0x0)
0:493  0:000  - [01]: Volume: PciRoot(0x0)\Pci(0x17,0x0)\Sata(0x2,0x0,0x0)
0:493  0:000  - [02]: Volume: PciRoot(0x0)\Pci(0x17,0x0)\Sata(0x0,0x0,0x0)\HD(1,GPT,B22C0338-8B14-4272-8D6C-72A9EDC25347,0x800,0x3A0E8000)
0:493  0:000          Result of bootcode detection: bootable Windows (vista,win)
0:493  0:000  - [03]: Volume: PciRoot(0x0)\Pci(0x17,0x0)\Sata(0x0,0x0,0x0)\HD(2,GPT,5C8720E8-0281-4A7F-A630-25D33AA905D0,0x3A0E8800,0xC8000)
0:506  0:013          Result of bootcode detection: bootable Windows (vista,win)
0:507  0:000  - [04]: Volume: PciRoot(0x0)\Pci(0x17,0x0)\Sata(0x0,0x0,0x0)\HD(3,GPT,94CB2DDF-3D4F-47C5-BDFC-0E0FDCEAB76E,0x3A1B8800,0x3A4CD800)
0:507  0:000  - [05]: Volume: PciRoot(0x0)\Pci(0x17,0x0)\Sata(0x2,0x0,0x0)\HD(1,GPT,D9FD94D4-91A1-4753-BD6B-2FA1C6BF3C15,0x28,0x64000)
0:507  0:000          Result of bootcode detection: bootable unknown (legacy)
0:507  0:000          This is SelfVolume !!
0:507  0:000  - [06]: Volume: PciRoot(0x0)\Pci(0x17,0x0)\Sata(0x2,0x0,0x0)\HD(2,GPT,E0D9E55A-B296-411F-9DFB-E568D252ADE3,0x64028,0xDDFAC40)
0:507  0:000  - [07]: Volume: PciRoot(0x0)\Pci(0x17,0x0)\Sata(0x2,0x0,0x0)\HD(3,GPT,FE6704B9-642F-4BD4-A56D-4B29E698D7FB,0xDE5EC68,0x135F20)
0:507  0:000  === [ InitTheme ] =========================================
0:508  0:000  Using theme 'El Capitan' (EFI\CLOVER\themes\El Capitan)
0:508  0:000  OS main and drive as badge
0:508  0:000  Warning! Character width 23 should be even!
0:510  0:001  Loading font from ThemeDir: Success
0:511  0:000  Choosing theme El Capitan
0:511  0:000  after NVRAM boot-args=dart=0 nv_disable=1 kext-dev-mode=1
0:511  0:000  === [ Dump SMC keys from NVRAM ] ==========================
0:511  0:000  found AppleSMC protocol
0:533  0:022  Registered 18 SMC keys
0:533  0:000  === [ AddCustomEntries ] ==================================
0:533  0:000  Custom entry 0 Title:"Recovery" Path:"\com.apple.recovery.boot\boot.efi" Type:10 Flags:0x6 matching all volumes
0:533  0:000      Checking volume "SYSTEM" (PciRoot(0x0)\Pci(0x17,0x0)\Sata(0x0,0x0,0x0)\HD(2,GPT,5C8720E8-0281-4A7F-A630-25D33AA905D0,0x3A0E8800,0xC8000)) ... skipped because path does not exist
0:533  0:000      Checking volume "MacStorage" (PciRoot(0x0)\Pci(0x17,0x0)\Sata(0x0,0x0,0x0)\HD(3,GPT,94CB2DDF-3D4F-47C5-BDFC-0E0FDCEAB76E,0x3A1B8800,0x3A4CD800)) ... skipped because path does not exist
0:533  0:000      Checking volume "EFI" (PciRoot(0x0)\Pci(0x17,0x0)\Sata(0x2,0x0,0x0)\HD(1,GPT,D9FD94D4-91A1-4753-BD6B-2FA1C6BF3C15,0x28,0x64000)) ... skipped because path does not exist
0:535  0:001      Checking volume "Mac OS System Drive" (PciRoot(0x0)\Pci(0x17,0x0)\Sata(0x2,0x0,0x0)\HD(2,GPT,E0D9E55A-B296-411F-9DFB-E568D252ADE3,0x64028,0xDDFAC40)) ... skipped because path does not exist
0:535  0:000      Checking volume "Recovery HD" (PciRoot(0x0)\Pci(0x17,0x0)\Sata(0x2,0x0,0x0)\HD(3,GPT,FE6704B9-642F-4BD4-A56D-4B29E698D7FB,0xDE5EC68,0x135F20)) ... match!
0:538  0:002  Custom settings: <null string>.plist will  be applied
0:539  0:000  Custom entry 1 Title:"Windows" Path:"\EFI\Microsoft\Boot\bootmgfw.efi" Options:"-s -h" Type:7 Flags:0x0 matching all volumes
0:539  0:000      Checking volume "SYSTEM" (PciRoot(0x0)\Pci(0x17,0x0)\Sata(0x0,0x0,0x0)\HD(2,GPT,5C8720E8-0281-4A7F-A630-25D33AA905D0,0x3A0E8800,0xC8000)) ... match!
0:540  0:001  Custom settings: <null string>.plist will  be applied
0:540  0:000      Checking volume "MacStorage" (PciRoot(0x0)\Pci(0x17,0x0)\Sata(0x0,0x0,0x0)\HD(3,GPT,94CB2DDF-3D4F-47C5-BDFC-0E0FDCEAB76E,0x3A1B8800,0x3A4CD800)) ... skipped because path does not exist
0:540  0:000      Checking volume "EFI" (PciRoot(0x0)\Pci(0x17,0x0)\Sata(0x2,0x0,0x0)\HD(1,GPT,D9FD94D4-91A1-4753-BD6B-2FA1C6BF3C15,0x28,0x64000)) ... skipped because path does not exist
0:540  0:000      Checking volume "Mac OS System Drive" (PciRoot(0x0)\Pci(0x17,0x0)\Sata(0x2,0x0,0x0)\HD(2,GPT,E0D9E55A-B296-411F-9DFB-E568D252ADE3,0x64028,0xDDFAC40)) ... skipped because path does not exist
0:540  0:000      Checking volume "Recovery HD" (PciRoot(0x0)\Pci(0x17,0x0)\Sata(0x2,0x0,0x0)\HD(3,GPT,FE6704B9-642F-4BD4-A56D-4B29E698D7FB,0xDE5EC68,0x135F20)) ... skipped because path does not exist
0:540  0:000  === [ ScanLoader ] ========================================
0:540  0:000  - [03]: 'SYSTEM'
0:540  0:000          AddLoaderEntry for Volume Name=SYSTEM
0:541  0:001          AddLoaderEntry for Volume Name=SYSTEM
0:541  0:000       skipped because path `PciRoot(0x0)\Pci(0x17,0x0)\Sata(0x0,0x0,0x0)\HD(2,GPT,5C8720E8-0281-4A7F-A630-25D33AA905D0,0x3A0E8800,0xC8000)\EFI\microsoft\Boot\bootmgfw.efii` already exists for another entry!
0:554  0:012  - [04]: 'MacStorage'
0:562  0:007  - [05]: 'EFI'
0:568  0:006  - [06]: 'Mac OS System Drive'
0:571  0:003          AddLoaderEntry for Volume Name=Mac OS System Drive
0:572  0:000      hibernated: set as never
0:573  0:000          [!] Icon 17 (icons\vol_internal_hfs.icns) not found (path: EFI\CLOVER\themes\El Capitan)
0:581  0:008  - [07]: 'Recovery HD'
0:582  0:000          AddLoaderEntry for Volume Name=Recovery HD
0:582  0:000       skipped because path `PciRoot(0x0)\Pci(0x17,0x0)\Sata(0x2,0x0,0x0)\HD(3,GPT,FE6704B9-642F-4BD4-A56D-4B29E698D7FB,0xDE5EC68,0x135F20)\com.apple.recovery.boot\boot.efii` already exists for another entry!
0:589  0:006  === [ AddCustomTool ] =====================================
0:589  0:000  found tool \EFI\CLOVER\tools\Shell64U.efi
0:589  0:000  Checking EFI partition Volume 3 for Clover
0:589  0:000  Checking EFI partition Volume 5 for Clover
0:590  0:000   Found Clover
0:591  0:001  === [ GetEfiBootDeviceFromNvram ] =========================
0:591  0:000   - found entry 3. 'Boot macOS from Mac OS System Drive', Volume 'Mac OS System Drive', DevicePath 'PciRoot(0x0)\Pci(0x17,0x0)\Sata(0x2,0x0,0x0)\HD(2,GPT,E0D9E55A-B296-411F-9DFB-E568D252ADE3,0x64028,0xDDFAC40)\System\Library\CoreServices\boot.efii'
0:591  0:000  DefaultIndex=3 and MainMenu.EntryCount=10
1:089  0:497  GUI ready
4:326  3:236  Found UEFI Acpi 2.0 RSDP at A7FFD014
4:326  0:000  Saving ACPI tables from RSDP A7FFD014 to EFI\CLOVER\ACPI\origin ...
4:326  0:000   A7FFD014: 'RSD PTR ', Rev: 2 (Acpi 2.0 or newer), Len: 36 -> RSDP.aml
4:332  0:006    (Xsdt: A7FDF188, Rsdt: A7FDF0C4)
4:332  0:000    A7FDF188: 'XSDT', 'ACRPRDCT', Rev: 1, Len: 268 -> XSDT.aml
4:337  0:004    A7FDF0C4: 'RSDT', 'ACRPRDCT', Rev: 1, Len: 152 -> RSDT.aml
4:341  0:004    Tables in Xsdt: 29
4:341  0:000    0. A7FE4000: 'FACP', 'ACRPRDCT', Rev: 5, Len: 244 -> FACP.aml
4:346  0:005        (Dsdt: A7FC7000, Facs: A7F79000, XDsdt: A7FC7000, XFacs: 0)
4:346  0:000        A7FC7000: 'DSDT', 'ACRPRDCT', Rev: 2, Len: 91926 -> DSDT.aml
4:355  0:009        A7F79000: 'FACS', Ver: 2, Len: 64 -> FACS.aml
4:360  0:004    1. A7FFB000: 'UEFI', 'ACRPRDCT', Rev: 1, Len: 566 -> UEFI.aml
4:365  0:004    2. A7FF9000: 'SSDT', 'ACRPRDCT', Rev: 2, Len: 1207 -> SSDT-0-ACRPRDCT.aml
4:370  0:005    3. A7FF7000: 'TPM2', 'ACRPRDCT', Rev: 3, Len: 52 -> TPM2.aml
4:375  0:004    4. A7FF1000: 'MSDM', 'ACRPRDCT', Rev: 3, Len: 85 -> MSDM.aml
4:381  0:005    5. A7FEB000: 'DBGP', 'ACRPRDCT', Rev: 1, Len: 52 -> DBGP.aml
4:387  0:006    6. A7FE9000: 'SSDT', 'ACRPRDCT', Rev: 2, Len: 1195 -> SSDT-1-ACRPRDCT.aml
4:391  0:004    7. A7FE7000: 'ASPT', 'ACRPRDCT', Rev: 7, Len: 52 -> ASPT.aml
4:684  0:293    8. A7FE5000: 'DBGP', 'ACRPRDCT', Rev: 1, Len: 52 -> DBGP.aml
5:315  0:630    9. A7FE2000: 'LPIT', 'ACRPRDCT', Rev: 1, Len: 148 -> LPIT.aml
5:686  0:371    10. A7FE0000: 'MCFG', 'ACRPRDCT', Rev: 1, Len: 60 -> MCFG.aml
5:693  0:006    11. A7FC6000: 'SSDT', 'ACRPRDCT', Rev: 2, Len: 410 -> SSDT-2-ACRPRDCT.aml
5:701  0:007    12. A7FC0000: 'SSDT', 'ACRPRDCT', Rev: 1, Len: 12310 -> SSDT-3-ACRPRDCT.aml
5:705  0:004    13. A7FFA000: 'UEFI', 'ACRPRDCT', Rev: 1, Len: 66 -> UEFI.aml
5:716  0:010    14. A7FF2000: 'SSDT', 'ACRPRDCT', Rev: 1, Len: 17468 -> SSDT-4-ACRPRDCT.aml
5:721  0:005    15. A7FEA000: 'DBG2', 'ACRPRDCT', Rev: 0, Len: 84 -> DBG2.aml
5:726  0:004    16. A7FE6000: 'BOOT', 'ACRPRDCT', Rev: 1, Len: 40 -> BOOT.aml
5:731  0:004    17. A7FE1000: 'APIC', 'ACRPRDCT', Rev: 3, Len: 188 -> APIC.aml
5:736  0:005    18. A7FC5000: 'SSDT', 'ACRPRDCT', Rev: 2, Len: 1187 -> SSDT-5-ACRPRDCT.aml
5:815  0:079    19. A7FBF000: 'DMAR', 'ACRPRDCT', Rev: 1, Len: 204 -> DMAR.aml
5:821  0:005    20. A7FFC000: 'TCPA', 'ACRPRDCT', Rev: 2, Len: 50 -> TCPA.aml
5:826  0:005    21. A7FEC000: 'SSDT', 'ACRPRDCT', Rev: 2, Len: 20083 -> SSDT-6-ACRPRDCT.aml
5:831  0:005    22. A7FE3000: 'HPET', 'ACRPRDCT', Rev: 1, Len: 56 -> HPET.aml
5:836  0:005    23. A7FC4000: 'SSDT', 'ACRPRDCT', Rev: 2, Len: 3699 -> SSDT-7-ACRPRDCT.aml (Found hidden SSDT 7 pcs)
5:842  0:005        * A7C75698: 'SSDT', 'Cpu0Ist', Rev: 2, Len: 1533  53 53 44 54 FD 05 00 00 02 CA 50 6D 52 65 66 00 Internal length = 1533 -> SSDT-x7_0-Cpu0Ist.aml
5:847  0:005        * A7C74618: 'SSDT', 'ApIst', Rev: 2, Len: 1450  53 53 44 54 AA 05 00 00 02 CC 50 6D 52 65 66 00 Internal length = 1450 -> SSDT-x7_1-ApIst.aml
5:853  0:006        * A7C74C18: 'SSDT', 'Cpu0Cst', Rev: 2, Len: 895  53 53 44 54 7F 03 00 00 02 63 50 6D 52 65 66 00 Internal length = 895 -> SSDT-x7_2-Cpu0Cst.aml
5:858  0:004        * A7C73D98: 'SSDT', 'ApCst', Rev: 2, Len: 281  53 53 44 54 19 01 00 00 02 E8 50 6D 52 65 66 00 Internal length = 281 -> SSDT-x7_3-ApCst.aml
5:863  0:005        * 9850D618: 'SSDT', 'Cpu0Hwp', Rev: 2, Len: 142  53 53 44 54 8E 00 00 00 02 29 50 6D 52 65 66 00 Internal length = 142 -> SSDT-x7_4-Cpu0Hwp.aml
5:869  0:006        * 98572198: 'SSDT', 'ApHwp', Rev: 2, Len: 281  53 53 44 54 19 01 00 00 02 FB 50 6D 52 65 66 00 Internal length = 281 -> SSDT-x7_5-ApHwp.aml
5:874  0:004        * 98572018: 'SSDT', 'HwpLvt', Rev: 2, Len: 304  53 53 44 54 30 01 00 00 02 83 50 6D 52 65 66 00 Internal length = 304 -> SSDT-x7_6-HwpLvt.aml
5:879  0:005  
5:879  0:000    24. A7FF8000: 'SSDT', 'ACRPRDCT', Rev: 2, Len: 75 -> SSDT-8-ACRPRDCT.aml
5:884  0:004    25. A7FDE000: 'SLIC', 'ACRPRDCT', Rev: 1, Len: 374 -> SLIC.aml
5:889  0:005    26. A7FE8000: 'ASF!', 'ACRPRDCT', Rev: 32, Len: 165 -> ASF!.aml
5:894  0:005    27. A7FBE000: 'FPDT', 'ACRPRDCT', Rev: 1, Len: 68 -> FPDT.aml
5:899  0:004    28. A7FBD000: 'BGRT', 'ACRPRDCT', Rev: 1, Len: 56 -> BGRT.aml
5:905  0:005    Tables in Rsdt: 29
5:905  0:000    0. A7FE4000: 'FACP', 'ACRPRDCT', Rev: 5, Len: 244
5:905  0:000        (Dsdt: A7FC7000, Facs: A7F79000, XDsdt: A7FC7000, XFacs: 0)
5:905  0:000        A7FC7000: 'DSDT', 'ACRPRDCT', Rev: 2, Len: 91926
5:907  0:002        A7F79000: 'FACS', Ver: 2, Len: 64
5:907  0:000    1. A7FFB000: 'UEFI', 'ACRPRDCT', Rev: 1, Len: 566
5:907  0:000    2. A7FF9000: 'SSDT', 'ACRPRDCT', Rev: 2, Len: 1207
5:907  0:000    3. A7FF7000: 'TPM2', 'ACRPRDCT', Rev: 3, Len: 52
5:907  0:000    4. A7FF1000: 'MSDM', 'ACRPRDCT', Rev: 3, Len: 85
5:907  0:000    5. A7FEB000: 'DBGP', 'ACRPRDCT', Rev: 1, Len: 52
5:907  0:000    6. A7FE9000: 'SSDT', 'ACRPRDCT', Rev: 2, Len: 1195
5:907  0:000    7. A7FE7000: 'ASPT', 'ACRPRDCT', Rev: 7, Len: 52
5:907  0:000    8. A7FE5000: 'DBGP', 'ACRPRDCT', Rev: 1, Len: 52
5:907  0:000    9. A7FE2000: 'LPIT', 'ACRPRDCT', Rev: 1, Len: 148
5:907  0:000    10. A7FE0000: 'MCFG', 'ACRPRDCT', Rev: 1, Len: 60
5:907  0:000    11. A7FC6000: 'SSDT', 'ACRPRDCT', Rev: 2, Len: 410
5:907  0:000    12. A7FC0000: 'SSDT', 'ACRPRDCT', Rev: 1, Len: 12310
5:907  0:000    13. A7FFA000: 'UEFI', 'ACRPRDCT', Rev: 1, Len: 66
5:907  0:000    14. A7FF2000: 'SSDT', 'ACRPRDCT', Rev: 1, Len: 17468
5:907  0:000    15. A7FEA000: 'DBG2', 'ACRPRDCT', Rev: 0, Len: 84
5:907  0:000    16. A7FE6000: 'BOOT', 'ACRPRDCT', Rev: 1, Len: 40
5:907  0:000    17. A7FE1000: 'APIC', 'ACRPRDCT', Rev: 3, Len: 188
5:907  0:000    18. A7FC5000: 'SSDT', 'ACRPRDCT', Rev: 2, Len: 1187
5:907  0:000    19. A7FBF000: 'DMAR', 'ACRPRDCT', Rev: 1, Len: 204
5:907  0:000    20. A7FFC000: 'TCPA', 'ACRPRDCT', Rev: 2, Len: 50
5:907  0:000    21. A7FEC000: 'SSDT', 'ACRPRDCT', Rev: 2, Len: 20083
5:907  0:000    22. A7FE3000: 'HPET', 'ACRPRDCT', Rev: 1, Len: 56
5:907  0:000    23. A7FC4000: 'SSDT', 'ACRPRDCT', Rev: 2, Len: 3699
5:907  0:000    24. A7FF8000: 'SSDT', 'ACRPRDCT', Rev: 2, Len: 75
5:907  0:000    25. A7FDE000: 'SLIC', 'ACRPRDCT', Rev: 1, Len: 374
5:907  0:000    26. A7FE8000: 'ASF!', 'ACRPRDCT', Rev: 32, Len: 165
5:907  0:000    27. A7FBE000: 'FPDT', 'ACRPRDCT', Rev: 1, Len: 68
5:907  0:000    28. A7FBD000: 'BGRT', 'ACRPRDCT', Rev: 1, Len: 56
6:662  0:755  Boot option Boot0000 not found
6:662  0:000  === [ StartLoader ] =======================================
6:662  0:000  Finally: ExternalClock=25MHz BusSpeed=100277kHz CPUFreq=2306MHz PIS: hw.busfrequency=100000000Hz
6:662  0:000  Loading boot.efi  status=Success
6:723  0:061  GetOSVersion: 10.12.6 (16G29)
6:724  0:000  CSR_CFG: CSR_ALLOW_UNTRUSTED_KEXTS | CSR_ALLOW_UNRESTRICTED_FS | CSR_ALLOW_TASK_FOR_PID | CSR_ALLOW_UNRESTRICTED_DTRACE | CSR_ALLOW_UNRESTRICTED_NVRAM
6:724  0:000  Filtering KextPatches:
6:724  0:000   - [00]: com.apple.driver.AppleIntelSKLGraphicsFramebuffer (0x19160000/etc, 32MB BIOS, 19MB framebuffer 9MB cursor bytes (credit RehabMan)) :: BinPatch :: [OS: 10.12.6 | MatchOS: All | MatchBuild: All] ==> allowed
6:724  0:000   - [01]: com.apple.driver.AppleIntelSKLGraphicsFramebuffer (eDP, port 0000, 0x191e0000, 0x19160000, 0x19260000, 0x19270000, 0x191b0000, 0x19160002, 0x19260002, 0x191e0003, 0x19260004, 0x19270004, 0x193b0005 credit syscl) :: BinPatch :: [OS: 10.12.6 | MatchOS: All | MatchBuild: All] ==> disabled by user
6:724  0:000   - [02]: com.apple.driver.AppleIntelSKLGraphicsFramebuffer (Enable lid wake for 0x19260002 credit syscl/lighting/Yating Zhou) :: BinPatch :: [OS: 10.12.6 | MatchOS: All | MatchBuild: All] ==> disabled by user
6:724  0:000   - [03]: com.apple.driver.AppleIntelSKLGraphicsFramebuffer (Enable lid wake for 0x19260004 credit syscl/lighting/Yating Zhou) :: BinPatch :: [OS: 10.12.6 | MatchOS: All | MatchBuild: All] ==> disabled by user
6:724  0:000   - [04]: com.apple.driver.AppleIntelLpssI2C (Prevent Apple I2C kexts from attaching to I2C controllers, credit CoolStar) :: PlistPatch :: [OS: 10.12.6 | MatchOS: All | MatchBuild: All] ==> allowed
6:724  0:000   - [05]: com.apple.driver.AppleIntelLpssI2CController (Prevent Apple I2C kexts from attaching to I2C controllers, credit CoolStar) :: PlistPatch :: [OS: 10.12.6 | MatchOS: All | MatchBuild: All] ==> allowed
6:724  0:000   - [06]: com.apple.driver.AppleBacklight (change F%uT%04x to F%uTxxxx in AppleBacklightInjector.kext (credit RehabMan)) :: BinPatch :: [OS: 10.12.6 | MatchOS: All | MatchBuild: All] ==> allowed
6:724  0:000   - [07]: com.apple.iokit.IOGraphicsFamily (Boot graphics glitch, 10.12.dp1 (credit denskop)) :: BinPatch :: [OS: 10.12.6 | MatchOS: 10.12.x | MatchBuild: All] ==> allowed
6:724  0:000   - [08]: com.apple.iokit.IOGraphicsFamily (Boot graphics glitch, 10.13 beta (based on denskop patch)) :: BinPatch :: [OS: 10.12.6 | MatchOS: 10.13.x | MatchBuild: All] ==> not allowed
6:724  0:000  Filtering KernelPatches:
6:724  0:000   - [00]: MSR 0xE2 _xcpm_idle instant reboot(c) Pike R. Alpha :: [OS: 10.12.6 | MatchOS: All | MatchBuild: no] ==> allowed by OS
6:724  0:000  Will not patch boot.efi
6:724  0:000  === [ PatchSmbios ] =======================================
6:724  0:000  insert table 9 for dev 0:1
6:724  0:000  insert table 9 for dev 0:0
6:724  0:000  Not trusting SMBIOS because SPD reports more modules...
6:724  0:000  Channels: 2
6:724  0:000  Interleave: 0 2 1 3 4 6 5 7 8 10 9 11 12 14 13 15 16 18 17 19 20 22 21 23
6:724  0:000  SMBIOS Type 17 Index = 0 => 0 0:
6:724  0:000  BANK 0 DIMM0 2133MHz 4096MB
6:724  0:000  SMBIOS Type 17 Index = 1 => 2 2:
6:724  0:000  BANK 1 DIMM0 2134MHz 4096MB
6:724  0:000  mTotalSystemMemory = 8192
6:724  0:000  NumberOfMemoryDevices = 2
6:724  0:000  Type20[0]->End = 0x3FFFFF, Type17[0] = 0x1000
6:724  0:000  Type20[1]->End = 0x3FFFFF, Type17[1] = 0x3000
6:724  0:000  Table 131 is present, CPUType=31
6:724  0:000  Change to: 905
6:724  0:000  === [ PatchACPI ] =========================================
6:724  0:000  Xsdt reallocation done
6:724  0:000  old FADT length=F4
6:724  0:000   SignatureFixup: 0xFBABBD54 -> 0x0
6:724  0:000  DSDT found in Clover volume OEM folder: EFI\CLOVER\ACPI\patched\DSDT.aml
6:726  0:001  Apply DsdtFixMask=0x00000000
6:726  0:000     drop _DSM mask=0x0000
6:726  0:000  === [ FixBiosDsdt ] =======================================
6:726  0:000  VideoCard devID=0x19168086
6:726  0:000  DisplayADR1[0] = 0x20000, DisplayADR2[0] = 0xFFFE
6:726  0:000  USBADR[0] = 0x140000 and PCIe = 0xFFFE
6:726  0:000  Found Airport Atheros at 0x1D0002, 0x0, DeviceID=0x0042
6:726  0:000  Audio HDA (addr:0x1F0003) setting specified layout-id=3 (0x3)
6:726  0:000  Patching DSDT:
6:726  0:000   - [change OSID to XSID (to avoid match against _OSI XOSI patch)]: disabled
6:726  0:000   - [change _OSI to XOSI]: disabled
6:726  0:000   - [change _DSM to XDSM]: disabled
6:726  0:000   - [change EC0 to EC]: disabled
6:726  0:000   - [change H_EC to EC]: disabled
6:726  0:000   - [change ECDV to EC]: disabled
6:726  0:000   - [change HDAS to HDEF]: pattern 48444153, patched at: [ (3CAC) (18FA) (86) (D) (A1) ]
6:726  0:000   - [change HECI to IMEI]: pattern 48454349, patched at: [ (C98B) ]
6:726  0:000   - [change MEI to IMEI]: pattern 4D45495F, bin not found / already patched!
6:727  0:000   - [change GFX0 to IGPU]: pattern 47465830, patched at: [ (107) (12) (12) (12) (12) (12) (12) (12) (12) (12) (12) (12) (12) (12) (12) (12) (12) (12) (2898) (A617) (18) (12) (404) (46) (2C0) (36) (395A) (155D) (14) (4F2) (161B) (23DF) (10) (10) (10) (10) (10) (10) (10) (10) (10) (10) (19) (10) (10) (10) (10) (8) (93) (10) (10) (10) (10) (10) (10) (10) (10) (10) (8) (8) ]
6:727  0:000   - [change PCI0.VID to IGPU #1 (Thinkpad)]: pattern 50434930, bin not found / already patched!
6:727  0:000   - [change PCI0.VID to IGPU #2 (Thinkpad)]: pattern 5649445F, bin not found / already patched!
6:727  0:000  first CPU found at 10D3E offset 10D41
6:727  0:000  score candidate at 10D3A
6:727  0:000  score inserted in acpi_cpu_score _PR_
6:727  0:000  Found ACPI CPU: CPU0 | CPU1 | CPU2 | CPU3 | CPU4 | CPU5 | CPU6 | CPU7 , within the score: _PR_
6:728  0:000  PreCleanup XSDT: count=29, length=268
6:728  0:000  PreCleanup XSDT, corrected XSDT: count=29, length=268
6:728  0:000  === [ ACPIPatchedAML ] ====================================
6:728  0:000  AutoMerge pass 1
6:728  0:000  Unsorted
6:728  0:000  Inserting SSDT-3-ACRPRDCT.aml from EFI\CLOVER\ACPI\patched: size=13063 @12 ... Success
6:728  0:000  Inserting SSDT-PNLF.aml from EFI\CLOVER\ACPI\patched: ignore on pass 1
6:728  0:000  === [ ACPIDropTables ] ====================================
6:728  0:000  Drop tables from XSDT, SIGN=DMAR TableID=ACRPRDCT Length=204
6:728  0:000   Table[19]: DMAR  ACRPRDCT  204 dropped
6:728  0:000  === [ PatchAllSSDT ] ======================================
6:728  0:000  Patch table: SSDT  ACRPRDCT len=0x4B7
6:728  0:000  0. [change OSID to XSID (to avoid match against _OSI XOSI patch)]: disabled
6:728  0:000  1. [change _OSI to XOSI]: disabled
6:728  0:000  2. [change _DSM to XDSM]: disabled
6:728  0:000  3. [change EC0 to EC]: disabled
6:728  0:000  4. [change H_EC to EC]: disabled
6:728  0:000  5. [change ECDV to EC]: disabled
6:728  0:000  6. [change HDAS to HDEF]: pattern 48444153, bin not found / already patched!
6:728  0:000  7. [change HECI to IMEI]: pattern 48454349, bin not found / already patched!
6:728  0:000  8. [change MEI to IMEI]: pattern 4D45495F, bin not found / already patched!
6:728  0:000  9. [change GFX0 to IGPU]: pattern 47465830, bin not found / already patched!
6:729  0:000  10. [change PCI0.VID to IGPU #1 (Thinkpad)]: pattern 50434930, bin not found / already patched!
6:729  0:000  11. [change PCI0.VID to IGPU #2 (Thinkpad)]: pattern 5649445F, bin not found / already patched!
6:729  0:000  Patch table: SSDT  ACRPRDCT len=0x4AB
6:729  0:000  0. [change OSID to XSID (to avoid match against _OSI XOSI patch)]: disabled
6:729  0:000  1. [change _OSI to XOSI]: disabled
6:729  0:000  2. [change _DSM to XDSM]: disabled
6:729  0:000  3. [change EC0 to EC]: disabled
6:729  0:000  4. [change H_EC to EC]: disabled
6:729  0:000  5. [change ECDV to EC]: disabled
6:729  0:000  6. [change HDAS to HDEF]: pattern 48444153, bin not found / already patched!
6:729  0:000  7. [change HECI to IMEI]: pattern 48454349, bin not found / already patched!
6:729  0:000  8. [change MEI to IMEI]: pattern 4D45495F, bin not found / already patched!
6:729  0:000  9. [change GFX0 to IGPU]: pattern 47465830, bin not found / already patched!
6:729  0:000  10. [change PCI0.VID to IGPU #1 (Thinkpad)]: pattern 50434930, bin not found / already patched!
6:729  0:000  11. [change PCI0.VID to IGPU #2 (Thinkpad)]: pattern 5649445F, bin not found / already patched!
6:729  0:000  Patch table: SSDT  ACRPRDCT len=0x19A
6:729  0:000  0. [change OSID to XSID (to avoid match against _OSI XOSI patch)]: disabled
6:729  0:000  1. [change _OSI to XOSI]: disabled
6:729  0:000  2. [change _DSM to XDSM]: disabled
6:729  0:000  3. [change EC0 to EC]: disabled
6:729  0:000  4. [change H_EC to EC]: disabled
6:729  0:000  5. [change ECDV to EC]: disabled
6:729  0:000  6. [change HDAS to HDEF]: pattern 48444153, bin not found / already patched!
6:729  0:000  7. [change HECI to IMEI]: pattern 48454349, bin not found / already patched!
6:729  0:000  8. [change MEI to IMEI]: pattern 4D45495F, bin not found / already patched!
6:729  0:000  9. [change GFX0 to IGPU]: pattern 47465830, bin not found / already patched!
6:729  0:000  10. [change PCI0.VID to IGPU #1 (Thinkpad)]: pattern 50434930, bin not found / already patched!
6:729  0:000  11. [change PCI0.VID to IGPU #2 (Thinkpad)]: pattern 5649445F, bin not found / already patched!
6:729  0:000  Patch table: SSDT  ACRPRDCT len=0x3307
6:729  0:000  0. [change OSID to XSID (to avoid match against _OSI XOSI patch)]: disabled
6:729  0:000  1. [change _OSI to XOSI]: disabled
6:729  0:000  2. [change _DSM to XDSM]: disabled
6:729  0:000  3. [change EC0 to EC]: disabled
6:729  0:000  4. [change H_EC to EC]: disabled
6:729  0:000  5. [change ECDV to EC]: disabled
6:729  0:000  6. [change HDAS to HDEF]: pattern 48444153, bin not found / already patched!
6:729  0:000  7. [change HECI to IMEI]: pattern 48454349, bin not found / already patched!
6:729  0:000  8. [change MEI to IMEI]: pattern 4D45495F, bin not found / already patched!
6:729  0:000  9. [change GFX0 to IGPU]: pattern 47465830, patched at: [ (CE) (E) (12) (12) (12) (12) (12) (12) (12) (12) (12) (12) (12) (12) (12) (12) (12) (35D) (50) (973) (C48) (13) (28) (27) (13) (28) (27) (13) (28) (27) (13) (28) (27) (13) (28) (27) (13) (28) (27) (13) (28) (27) (13) (28) (27) (13) (28) (27) (13) (28) (27) (13) (28) (27) (13) (28) (27) (13) (28) (27) (13) (28) (27) (13) (28) (27) (13) (28) ]
6:729  0:000  10. [change PCI0.VID to IGPU #1 (Thinkpad)]: pattern 50434930, bin not found / already patched!
6:729  0:000  11. [change PCI0.VID to IGPU #2 (Thinkpad)]: pattern 5649445F, bin not found / already patched!
6:729  0:000  Patch table: SSDT  ACRPRDCT len=0x443C
6:729  0:000  0. [change OSID to XSID (to avoid match against _OSI XOSI patch)]: disabled
6:729  0:000  1. [change _OSI to XOSI]: disabled
6:729  0:000  2. [change _DSM to XDSM]: disabled
6:729  0:000  3. [change EC0 to EC]: disabled
6:729  0:000  4. [change H_EC to EC]: disabled
6:729  0:000  5. [change ECDV to EC]: disabled
6:729  0:000  6. [change HDAS to HDEF]: pattern 48444153, bin not found / already patched!
6:729  0:000  7. [change HECI to IMEI]: pattern 48454349, bin not found / already patched!
6:729  0:000  8. [change MEI to IMEI]: pattern 4D45495F, bin not found / already patched!
6:729  0:000  9. [change GFX0 to IGPU]: pattern 47465830, bin not found / already patched!
6:729  0:000  10. [change PCI0.VID to IGPU #1 (Thinkpad)]: pattern 50434930, bin not found / already patched!
6:729  0:000  11. [change PCI0.VID to IGPU #2 (Thinkpad)]: pattern 5649445F, bin not found / already patched!
6:729  0:000  Patch table: SSDT  ACRPRDCT len=0x4A3
6:729  0:000  0. [change OSID to XSID (to avoid match against _OSI XOSI patch)]: disabled
6:729  0:000  1. [change _OSI to XOSI]: disabled
6:729  0:000  2. [change _DSM to XDSM]: disabled
6:729  0:000  3. [change EC0 to EC]: disabled
6:729  0:000  4. [change H_EC to EC]: disabled
6:729  0:000  5. [change ECDV to EC]: disabled
6:729  0:000  6. [change HDAS to HDEF]: pattern 48444153, bin not found / already patched!
6:729  0:000  7. [change HECI to IMEI]: pattern 48454349, bin not found / already patched!
6:729  0:000  8. [change MEI to IMEI]: pattern 4D45495F, bin not found / already patched!
6:729  0:000  9. [change GFX0 to IGPU]: pattern 47465830, bin not found / already patched!
6:729  0:000  10. [change PCI0.VID to IGPU #1 (Thinkpad)]: pattern 50434930, bin not found / already patched!
6:729  0:000  11. [change PCI0.VID to IGPU #2 (Thinkpad)]: pattern 5649445F, bin not found / already patched!
6:729  0:000  Patch table: SSDT  ACRPRDCT len=0x4E73
6:729  0:000  0. [change OSID to XSID (to avoid match against _OSI XOSI patch)]: disabled
6:729  0:000  1. [change _OSI to XOSI]: disabled
6:729  0:000  2. [change _DSM to XDSM]: disabled
6:729  0:000  3. [change EC0 to EC]: disabled
6:729  0:000  4. [change H_EC to EC]: disabled
6:729  0:000  5. [change ECDV to EC]: disabled
6:729  0:000  6. [change HDAS to HDEF]: pattern 48444153, bin not found / already patched!
6:729  0:000  7. [change HECI to IMEI]: pattern 48454349, bin not found / already patched!
6:729  0:000  8. [change MEI to IMEI]: pattern 4D45495F, bin not found / already patched!
6:729  0:000  9. [change GFX0 to IGPU]: pattern 47465830, patched at: [ (845) (1CB4) (A9D) (1D) (716) ]
6:729  0:000  10. [change PCI0.VID to IGPU #1 (Thinkpad)]: pattern 50434930, bin not found / already patched!
6:729  0:000  11. [change PCI0.VID to IGPU #2 (Thinkpad)]: pattern 5649445F, bin not found / already patched!
6:729  0:000  Patch table: SSDT  ACRPRDCT len=0xE73
6:729  0:000  0. [change OSID to XSID (to avoid match against _OSI XOSI patch)]: disabled
6:729  0:000  1. [change _OSI to XOSI]: disabled
6:729  0:000  2. [change _DSM to XDSM]: disabled
6:729  0:000  3. [change EC0 to EC]: disabled
6:729  0:000  4. [change H_EC to EC]: disabled
6:729  0:000  5. [change ECDV to EC]: disabled
6:729  0:000  6. [change HDAS to HDEF]: pattern 48444153, bin not found / already patched!
6:729  0:000  7. [change HECI to IMEI]: pattern 48454349, bin not found / already patched!
6:729  0:000  8. [change MEI to IMEI]: pattern 4D45495F, bin not found / already patched!
6:729  0:000  9. [change GFX0 to IGPU]: pattern 47465830, bin not found / already patched!
6:729  0:000  10. [change PCI0.VID to IGPU #1 (Thinkpad)]: pattern 50434930, bin not found / already patched!
6:729  0:000  11. [change PCI0.VID to IGPU #2 (Thinkpad)]: pattern 5649445F, bin not found / already patched!
6:729  0:000  Patch table: SSDT  ACRPRDCT len=0x4B
6:729  0:000  0. [change OSID to XSID (to avoid match against _OSI XOSI patch)]: disabled
6:729  0:000  1. [change _OSI to XOSI]: disabled
6:729  0:000  2. [change _DSM to XDSM]: disabled
6:729  0:000  3. [change EC0 to EC]: disabled
6:729  0:000  4. [change H_EC to EC]: disabled
6:729  0:000  5. [change ECDV to EC]: disabled
6:729  0:000  6. [change HDAS to HDEF]: pattern 48444153, bin not found / already patched!
6:729  0:000  7. [change HECI to IMEI]: pattern 48454349, bin not found / already patched!
6:729  0:000  8. [change MEI to IMEI]: pattern 4D45495F, bin not found / already patched!
6:729  0:000  9. [change GFX0 to IGPU]: pattern 47465830, bin not found / already patched!
6:729  0:000  10. [change PCI0.VID to IGPU #1 (Thinkpad)]: pattern 50434930, bin not found / already patched!
6:729  0:000  11. [change PCI0.VID to IGPU #2 (Thinkpad)]: pattern 5649445F, bin not found / already patched!
6:729  0:000  === [ ACPIPatchedAML ] ====================================
6:729  0:000  AutoMerge pass 2
6:729  0:000  Unsorted
6:729  0:000  Inserting SSDT-PNLF.aml from EFI\CLOVER\ACPI\patched: size=978 ... Success
6:730  0:000  CPUBase=0 and ApicCPUBase=1 ApicCPUNum=8
6:730  0:000  Maximum control=0x17
6:730  0:000  Turbo control=0x17
6:730  0:000  P-States: min 0x4, max 0x17
6:730  0:000  SSDT with plugin-type without P-States is generated
6:730  0:000  Cleanup XSDT: count=31, length=284
6:730  0:000  corrected XSDT count=30, length=276
6:730  0:000  === [ RestSetup macOS ] ===================================
6:730  0:000  EdidDiscovered size=128
6:730  0:000  --- Discovered EDID Table size:128
6:730  0:000  000  |  00  FF  FF  FF  FF  FF  FF  00  0D  AE
6:730  0:000  010  |  C4  15  00  00  00  00  28  17  01  04
6:730  0:000  020  |  95  22  13  78  02  EF  05  90  54  52
6:730  0:000  030  |  93  29  25  50  54  00  00  00  01  01
6:730  0:000  040  |  01  01  01  01  01  01  01  01  01  01
6:730  0:000  050  |  01  01  01  01  5E  35  80  96  70  38
6:730  0:000  060  |  14  40  2C  1C  24  00  58  C1  10  00
6:730  0:000  070  |  00  18  00  00  00  FE  00  4E  31  35
6:730  0:000  080  |  36  48  47  45  2D  45  41  42  0A  20
6:730  0:000  090  |  00  00  00  FE  00  43  4D  4E  0A  20
6:730  0:000  100  |  20  20  20  20  20  20  20  20  00  00
6:730  0:000  110  |  00  FE  00  4E  31  35  36  48  47  45
6:730  0:000  120  |  2D  45  41  42  0A  20  00  1D
6:730  0:000  Intel HD Graphics 520 [8086:1916] :: PciRoot(0x0)\Pci(0x2,0x0)
6:730  0:000    Found Full HD Display - 16:9 :: Width=1920 Height=1080
6:730  0:000    Beginning DualLink auto-detection
6:730  0:000    High Resolution Display
6:730  0:000    AAPL00,DualLink = 1
6:730  0:000    FakeID Intel GFX: not set
6:730  0:000    ig-platform-id = 0x191B0000
6:730  0:000    Beginning Intel GFX auto-detection with ACPI injection
6:730  0:000    Found FakeID Intel GFX = 0x19168086
6:730  0:000  Intel GFX revision  = 0x7
6:730  0:000   RCBA disabled; cannot use it
6:730  0:000   setting specified layout-id=3 (0x3)
6:730  0:000  stringlength = 2834
6:730  0:000  CurrentMode: Width=1920 Height=1080
6:730  0:000  Beginning FSInjection
FSInjectionInstall ...
- Our FSI_SIMPLE_FILE_SYSTEM_PROTOCOL installed on handle: 9831EA98
FSInjectionInstall ...
- Our FSI_SIMPLE_FILE_SYSTEM_PROTOCOL installed on handle: 9831EA98
6:733  0:002  Use origin smbios table type 1 guid.
6:734  0:000    Force kext: System\Library\Extensions\IONetworkingFamily.kext
6:737  0:003      Force PlugIn kext: System\Library\Extensions\IONetworkingFamily.kext\Contents\PlugIns\AppleBCM5701Ethernet.kext
6:740  0:002      Force PlugIn kext: System\Library\Extensions\IONetworkingFamily.kext\Contents\PlugIns\AppleIntel8254XEthernet.kext
6:742  0:002      Force PlugIn kext: System\Library\Extensions\IONetworkingFamily.kext\Contents\PlugIns\AppleIntelI210Ethernet.kext
6:745  0:002      Force PlugIn kext: System\Library\Extensions\IONetworkingFamily.kext\Contents\PlugIns\AppleVmxnet3Ethernet.kext
6:747  0:002      Force PlugIn kext: System\Library\Extensions\IONetworkingFamily.kext\Contents\PlugIns\AppleYukon2.kext
6:750  0:003      Force PlugIn kext: System\Library\Extensions\IONetworkingFamily.kext\Contents\PlugIns\Intel82574L.kext
6:752  0:002      Force PlugIn kext: System\Library\Extensions\IONetworkingFamily.kext\Contents\PlugIns\IOEthernetAVBController.kext
6:754  0:001      Force PlugIn kext: System\Library\Extensions\IONetworkingFamily.kext\Contents\PlugIns\mDNSOffloadUserClient.kext
6:756  0:001      Force PlugIn kext: System\Library\Extensions\IONetworkingFamily.kext\Contents\PlugIns\nvenet.kext
6:759  0:002    Force kext: System\Library\Extensions\AppleIntelSKLGraphicsFramebuffer.kext
6:766  0:007  Preparing kexts injection for arch=x86_64 from EFI\CLOVER\kexts\Other
6:766  0:000  Extra kext: EFI\CLOVER\kexts\Other\RealtekRTL8111.kext (v.2.2.1)
6:769  0:002  Extra kext: EFI\CLOVER\kexts\Other\FakeSMC.kext (v.1787)
6:773  0:004  SetScreenResolution: 1920x1080 - already set
6:773  0:000  Custom boot is disabled
6:774  0:001  Closing log
